{"name": "test_steps_demo[pytest]", "status": "broken", "statusDetails": {"message": "selenium.common.exceptions.NoSuchDriverException: Message: Unable to obtain driver for chrome; For documentation on this error, please visit: https://www.selenium.dev/documentation/webdriver/troubleshooting/errors/driver_location", "trace": "self = <selenium.webdriver.common.driver_finder.DriverFinder object at 0x00000154989A3260>\n\n    def _binary_paths(self) -> dict:\n        if self._paths[\"driver_path\"]:\n            return self._paths\n    \n        browser = self._options.capabilities[\"browserName\"]\n        try:\n            path = self._service.path\n            if path:\n                logger.debug(\n                    \"Skipping Selenium Manager; path to %s driver specified in Service class: %s\", browser, path\n                )\n                if not Path(path).is_file():\n                    raise ValueError(f\"The path is not a valid file: {path}\")\n                self._paths[\"driver_path\"] = path\n            else:\n>               output = SeleniumManager().binary_paths(self._to_args())\n\n..\\..\\..\\AppData\\Local\\Programs\\Python\\Python312\\Lib\\site-packages\\selenium\\webdriver\\common\\driver_finder.py:67: \n_ _ _ _ _ _ _ _ _ _ _ _ _ _ _ _ _ _ _ _ _ _ _ _ _ _ _ _ _ _ _ _ _ _ _ _ _ _ _ _ _ _ _ _ _ _ _ _ _ _ _ _ _ _ _ _ _ _ _ _ _ _ _ _ _ _ _ _ _ _ _ _ _ _ _ _ _ _ _ _ _ _ _ _ _ _ _ _ _\n..\\..\\..\\AppData\\Local\\Programs\\Python\\Python312\\Lib\\site-packages\\selenium\\webdriver\\common\\selenium_manager.py:54: in binary_paths\n    return self._run(args)\n_ _ _ _ _ _ _ _ _ _ _ _ _ _ _ _ _ _ _ _ _ _ _ _ _ _ _ _ _ _ _ _ _ _ _ _ _ _ _ _ _ _ _ _ _ _ _ _ _ _ _ _ _ _ _ _ _ _ _ _ _ _ _ _ _ _ _ _ _ _ _ _ _ _ _ _ _ _ _ _ _ _ _ _ _ _ _ _ _\n\nargs = ['C:\\\\Users\\\\Mute\\\\AppData\\\\Local\\\\Programs\\\\Python\\\\Python312\\\\Lib\\\\site-packages\\\\selenium\\\\webdriver\\\\common\\\\windows\\\\selenium-manager.exe', '--browser', 'chrome', '--language-binding', 'python', '--output', ...]\n\n    @staticmethod\n    def _run(args: list[str]) -> dict:\n        \"\"\"Executes the Selenium Manager Binary.\n    \n        Args:\n            args: the components of the command being executed.\n    \n        Returns:\n            The log string containing the driver location.\n        \"\"\"\n        command = \" \".join(args)\n        logger.debug(\"Executing process: %s\", command)\n        try:\n            if sys.platform == \"win32\":\n                completed_proc = subprocess.run(args, capture_output=True, creationflags=subprocess.CREATE_NO_WINDOW)\n            else:\n                completed_proc = subprocess.run(args, capture_output=True)\n            stdout = completed_proc.stdout.decode(\"utf-8\").rstrip(\"\\n\")\n            stderr = completed_proc.stderr.decode(\"utf-8\").rstrip(\"\\n\")\n            output = json.loads(stdout) if stdout != \"\" else {\"logs\": [], \"result\": {}}\n        except Exception as err:\n            raise WebDriverException(f\"Unsuccessful command executed: {command}\") from err\n    \n        SeleniumManager._process_logs(output[\"logs\"])\n        result = output[\"result\"]\n        if completed_proc.returncode:\n>           raise WebDriverException(\n                f\"Unsuccessful command executed: {command}; code: {completed_proc.returncode}\\n{result}\\n{stderr}\"\n            )\nE           selenium.common.exceptions.WebDriverException: Message: Unsuccessful command executed: C:\\Users\\Mute\\AppData\\Local\\Programs\\Python\\Python312\\Lib\\site-packages\\selenium\\webdriver\\common\\windows\\selenium-manager.exe --browser chrome --language-binding python --output json; code: 65\nE           {'code': 65, 'message': 'error sending request for url (https://googlechromelabs.github.io/chrome-for-testing/known-good-versions-with-downloads.json)', 'driver_path': '', 'browser_path': ''}\n\n..\\..\\..\\AppData\\Local\\Programs\\Python\\Python312\\Lib\\site-packages\\selenium\\webdriver\\common\\selenium_manager.py:131: WebDriverException\n\nThe above exception was the direct cause of the following exception:\n\ntest_data1 = 'pytest'\n\n    @allure.testcase(\"http://www.github.com\")\n    @allure.feature(\"百度搜索\")\n    @pytest.mark.parametrize(\"test_data1\", yaml.safe_load(open(\"data/data.yaml\",encoding=\"utf-8\")))\n    def test_steps_demo(test_data1):\n        with allure.step(\"打开百度网页\"):\n>           driver = webdriver.Chrome()\n\ntest_baidudemo.py:13: \n_ _ _ _ _ _ _ _ _ _ _ _ _ _ _ _ _ _ _ _ _ _ _ _ _ _ _ _ _ _ _ _ _ _ _ _ _ _ _ _ _ _ _ _ _ _ _ _ _ _ _ _ _ _ _ _ _ _ _ _ _ _ _ _ _ _ _ _ _ _ _ _ _ _ _ _ _ _ _ _ _ _ _ _ _ _ _ _ _\n..\\..\\..\\AppData\\Local\\Programs\\Python\\Python312\\Lib\\site-packages\\selenium\\webdriver\\chrome\\webdriver.py:46: in __init__\n    super().__init__(\n..\\..\\..\\AppData\\Local\\Programs\\Python\\Python312\\Lib\\site-packages\\selenium\\webdriver\\chromium\\webdriver.py:51: in __init__\n    if finder.get_browser_path():\n..\\..\\..\\AppData\\Local\\Programs\\Python\\Python312\\Lib\\site-packages\\selenium\\webdriver\\common\\driver_finder.py:47: in get_browser_path\n    return self._binary_paths()[\"browser_path\"]\n_ _ _ _ _ _ _ _ _ _ _ _ _ _ _ _ _ _ _ _ _ _ _ _ _ _ _ _ _ _ _ _ _ _ _ _ _ _ _ _ _ _ _ _ _ _ _ _ _ _ _ _ _ _ _ _ _ _ _ _ _ _ _ _ _ _ _ _ _ _ _ _ _ _ _ _ _ _ _ _ _ _ _ _ _ _ _ _ _\n\nself = <selenium.webdriver.common.driver_finder.DriverFinder object at 0x00000154989A3260>\n\n    def _binary_paths(self) -> dict:\n        if self._paths[\"driver_path\"]:\n            return self._paths\n    \n        browser = self._options.capabilities[\"browserName\"]\n        try:\n            path = self._service.path\n            if path:\n                logger.debug(\n                    \"Skipping Selenium Manager; path to %s driver specified in Service class: %s\", browser, path\n                )\n                if not Path(path).is_file():\n                    raise ValueError(f\"The path is not a valid file: {path}\")\n                self._paths[\"driver_path\"] = path\n            else:\n                output = SeleniumManager().binary_paths(self._to_args())\n                if Path(output[\"driver_path\"]).is_file():\n                    self._paths[\"driver_path\"] = output[\"driver_path\"]\n                else:\n                    raise ValueError(f\"The driver path is not a valid file: {output['driver_path']}\")\n                if Path(output[\"browser_path\"]).is_file():\n                    self._paths[\"browser_path\"] = output[\"browser_path\"]\n                else:\n                    raise ValueError(f\"The browser path is not a valid file: {output['browser_path']}\")\n        except Exception as err:\n            msg = f\"Unable to obtain driver for {browser}\"\n>           raise NoSuchDriverException(msg) from err\nE           selenium.common.exceptions.NoSuchDriverException: Message: Unable to obtain driver for chrome; For documentation on this error, please visit: https://www.selenium.dev/documentation/webdriver/troubleshooting/errors/driver_location\n\n..\\..\\..\\AppData\\Local\\Programs\\Python\\Python312\\Lib\\site-packages\\selenium\\webdriver\\common\\driver_finder.py:78: NoSuchDriverException"}, "steps": [{"name": "打开百度网页", "status": "broken", "statusDetails": {"message": "selenium.common.exceptions.NoSuchDriverException: Message: Unable to obtain driver for chrome; For documentation on this error, please visit: https://www.selenium.dev/documentation/webdriver/troubleshooting/errors/driver_location\n\n", "trace": "  File \"c:\\Users\\Mute\\Desktop\\python_practice\\Day07 and Day08\\test_baidudemo.py\", line 13, in test_steps_demo\n    driver = webdriver.Chrome()\n             ^^^^^^^^^^^^^^^^^^\n  File \"C:\\Users\\Mute\\AppData\\Local\\Programs\\Python\\Python312\\Lib\\site-packages\\selenium\\webdriver\\chrome\\webdriver.py\", line 46, in __init__\n    super().__init__(\n  File \"C:\\Users\\Mute\\AppData\\Local\\Programs\\Python\\Python312\\Lib\\site-packages\\selenium\\webdriver\\chromium\\webdriver.py\", line 51, in __init__\n    if finder.get_browser_path():\n       ^^^^^^^^^^^^^^^^^^^^^^^^^\n  File \"C:\\Users\\Mute\\AppData\\Local\\Programs\\Python\\Python312\\Lib\\site-packages\\selenium\\webdriver\\common\\driver_finder.py\", line 47, in get_browser_path\n    return self._binary_paths()[\"browser_path\"]\n           ^^^^^^^^^^^^^^^^^^^^\n  File \"C:\\Users\\Mute\\AppData\\Local\\Programs\\Python\\Python312\\Lib\\site-packages\\selenium\\webdriver\\common\\driver_finder.py\", line 78, in _binary_paths\n    raise NoSuchDriverException(msg) from err\n"}, "start": 1767000406345, "stop": 1767000406621}], "parameters": [{"name": "test_data1", "value": "'pytest'"}], "start": 1767000406345, "stop": 1767000406622, "uuid": "38274e57-1d53-46ab-a898-f827b8f83119", "historyId": "b0e99218b97a892b9ddb1eddc845c04b", "testCaseId": "c1bd71ed6b29aa553aa5af4cbca54344", "fullName": "test_baidudemo#test_steps_demo", "labels": [{"name": "feature", "value": "百度搜索"}, {"name": "suite", "value": "test_baidudemo"}, {"name": "host", "value": "DESKTOP-3LHQJ0S"}, {"name": "thread", "value": "34544-MainThread"}, {"name": "framework", "value": "pytest"}, {"name": "language", "value": "cpython3"}, {"name": "package", "value": "test_baidudemo"}], "links": [{"type": "tms", "url": "http://www.github.com", "name": "http://www.github.com"}], "titlePath": ["test_baidudemo.py"]}