{"name": "test_params[3]", "status": "failed", "statusDetails": {"message": "AssertionError: assert 3 < 3", "trace": "data = 3\n\n    def test_params(data):\n        # f_string语法\n        print(f\"测试数据：{data}\")\n>       assert data < 3\nE       assert 3 < 3\n\ntest_params.py:12: AssertionError"}, "attachments": [{"name": "stdout", "source": "7a6c7ead-ca9b-4104-8f94-32c749bb9fa3-attachment.txt", "type": "text/plain"}], "parameters": [{"name": "data", "value": "3"}], "start": 1766717916665, "stop": 1766717916666, "uuid": "6cb48f77-98b3-4d26-8d1f-b08dbd2a027e", "historyId": "ee7ef893a07ed01518ae5e6d3ccac5c3", "testCaseId": "c7c24f4313c8c0f7078e0f95e3a5d2db", "fullName": "test_params#test_params", "labels": [{"name": "suite", "value": "test_params"}, {"name": "host", "value": "DESKTOP-3LHQJ0S"}, {"name": "thread", "value": "16636-MainThread"}, {"name": "framework", "value": "pytest"}, {"name": "language", "value": "cpython3"}, {"name": "package", "value": "test_params"}], "titlePath": ["test_params.py"]}